    PthSet_dtrqRmpDwn_CUR    
        PthSet_dtrqRmpDwn_CURX
    PthSet_tiRmpStrt_CUR    
        PthSet_tiRmpStrt_CURX
    PthSet_tiSwtOff_CUR    
        PthSet_tiSwtOff_CURX
PthSet_tiRmpStrtDfl_C 

PthSet_tiSwtOffDfl_C 

PthSet_dtrqRmpDwnDfl_C 

PthSet_trqOffs_C 

PthSet_tiSwtOff_mp
PthSet_tiRmpStrt_mp
PthSet_dtrqRmpDwn_mp
PthSet_trqLimOffs_mp
PthSet_trqSetASDdc
PthSet_trqBefPeakLim_mp
PthSet_trqBefRmp_mp
PthSet_trqRmp_mp
PthSet_trqInrSetNoMo
PthSet_trqInrSetSum
PthSet_trqInrSet_mp
PthSet_trqInrSet
PthSet_stActvMonLim
PthSet_stDisable
PthSet_stRmp_mp
