EGRVlv_tiGovDvtMaxDebDef_C 

EGRVlv_tiGovDvtMaxDebOk_C 

EGRVlv_tiGovDvtMinDebDef_C 

EGRVlv_tiGovDvtMinDebOk_C 

EGRVlv_RlsIKi_C 

EGRVlv_drActDvtHi_C 

EGRVlv_drActDvt_C 

EGRVlv_rDvtMax_C 

EGRVlv_rDvtMin_C 

EGRVlv_rLMSActPosThresInit_C 

EGRVlv_rLMSActThresDwn_C 

EGRVlv_rLMSThresDwn_C 

EGRVlv_rLMSThresUp_C 

EGRVlv_rLckdDetThres_C 

EGRVlv_rRlsMax_C 

EGRVlv_rStpThres_C 

EGRVlv_tiLMS_C 

EGRVlv_tiRepRls_C 

EGRVlv_tiRls_C 

EGRVlv_tEngHi_C 

EGRVlv_tEngLo_C 

EGRVlv_numJamVlv_C 

EGRVlv_numLckdDetThres_C 

EGRVlv_numMonEngTemp_C 

EGRVlv_rGovDvt
EngDa_tFld
DSM_bEGRVlvGovOn
EGRVlv_rAct
EGRVlv_rGovDesVal
CoEng_st
EGRVlv_stMon
EGRVlv_tEngMon_mp
EGRVlv_drRaw_mp
EGRVlv_drRawFlt
EGRVlv_rRlsEGR
EGRVlv_numJamVlv_mp
EGRVlv_numLckdDet
EGRVlv_stEnaMon
EGRVlv_bGovDvtMinDeb_DSM
EGRVlv_stStepDet
EGRVlv_bGovDvtMaxDeb_DSM
EGRVlv_stJamVlv
EGRVlv_bJamVlvRlsCheck_mp
EGRVlv_bJamVlvClsd_DSM
EGRVlv_bJamVlvOpn_DSM
