    EGRVlv_rTransf_CUR    
        EGRVlv_rTransf_CURX
EGRVlv_tiMaxDefDeb_C 

EGRVlv_tiMaxOKDeb_C 

EGRVlv_tiMinDefDeb_C 

EGRVlv_tiMinOKDeb_C 

EGRVlv_tiPhysRngHiDefDeb_C 

EGRVlv_tiPhysRngHiOKDeb_C 

EGRVlv_tiPhysRngLoDefDeb_C 

EGRVlv_tiPhysRngLoOKDeb_C 

EGRVlv_rAdapDiffPlausLgT_C 

EGRVlv_uSRCMax_C 

EGRVlv_uSRCMin_C 

EGRVlv_uRaw
DSM_bEGRVlvSSpMon
EGRVlv_rOfsLrnFrst_MR
DSM_bEGRVlvPhysRng
EGRVlv_rSens
EGRVlv_bSRCMax
EGRVlv_bSRCMaxDeb_DSM
EGRVlv_bSRCMin
EGRVlv_bSRCMinDeb_DSM
EGRVlv_bFinalDef
EGRVlv_bProvDef
EGRVlv_bPhysRngFinalDef
EGRVlv_bPhysRngProvDef
EGRVlv_bPhysRngHiDeb_DSM
EGRVlv_bPhysRngLoDeb_DSM
EGRVlv_bPhysRngHi
EGRVlv_bPhysRngLo
