    MoFAPP_rLinAPPCURCalMsgA_CUR    
        MoFAPP_rLinAPPCURCalMsgA_CURX
APP_swtEnaFlt_C 

APP_swtEnaUnJit_C 

SigTst_swtAPP_C 

APP_facLowNegPT1_C 

APP_facLowPosPT1_C 

APP_facMidNegPT1_C 

APP_facMidPosPT1_C 

APP_facUppNegPT1_C 

APP_facUppPosPT1_C 

APP_rThrFltLowNeg_C 

APP_rThrFltLowPos_C 

APP_rThrFltMidNeg_C 

APP_rThrFltMidPos_C 

SigTst_rAPP_C 

APP_drLinRmp_C 

APP_uJitter_C 

APP_uRaw_mp
APP_stSigSrc_APPLIMP_BP
APP_stSigSrc_APPDEF_BP
APP_drUnFlt
APP_rLinAPP_mp
APP_rUnFlt_mp
APP_rUnFlt
APP_rFlt_mp
APP_facPT1
APP_uUnJit_mp
