SigTst_swtEGRVlv_C 

EGRVlv_RmpSlpNeg_C 

EGRVlv_RmpSlpPos_C 

EGRVlv_facPT1ModVal_C 

EGRVlv_facPT1_C 

EGRVlv_rActMax_C 

EGRVlv_rActMin_C 

EGRVlv_rActOfs_C 

EGRVlv_rCmpNewCtlUn_C 

EGRVlv_rPullDwnThres_C 

EGRVlv_rTmpOfsLrnMax_C 

EGRVlv_rTmpOfsLrnMin_C 

EGRVlv_rTransStgDfl_C 

SigTst_rEGRVlv_C 

EGRVlv_swtActOfs_C 

EGRVlv_swtOfsLrnActv_C 

EGRVlv_swtSensPrs_C 

EGRVlv_rSens
EGRVlv_bFinalDef
EGRVlv_bProvDef
EGRVlv_bPhysRngFinalDef
EGRVlv_bPhysRngProvDef
EGRVlv_rEGR
DSM_bEGRVlvModVal
DSM_bEGRVlvReplVal
EGRVlv_rTmpOfs
EGRVlv_rUnFlt
EGRVlv_rFlt
EGRVlv_rActUnCor
EGRVlv_rOfs_mp
EGRVlv_rLinOfs_mp
EGRVlv_rModVal
EGRVlv_rAct
EGRVlv_rActInv
EGRVlv_rActNoErrHdl
